0001_0030_0044_0029_0029.jpg 1 30 44 29 29
0002_0036_0039_0056_0056.jpg 1 36 39 56 56
0003_0004_0021_0064_0064.jpg 1 4 21 64 64
0004_0040_0033_0032_0032.jpg 1 40 33 32 32
0005_0025_0031_0045_0045.jpg 1 25 31 45 45
0006_0023_0030_0037_0037.jpg 1 23 30 37 37
0007_0035_0053_0031_0031.jpg 1 35 53 31 31
0008_0017_0049_0037_0037.jpg 1 17 49 37 37
0009_0030_0021_0056_0056.jpg 1 30 21 56 56
0010_0043_0021_0030_0030.jpg 1 43 21 30 30
0011_0065_0010_0026_0026.jpg 1 65 10 26 26
0012_0033_0023_0049_0049.jpg 1 33 23 49 49
0013_0027_0010_0033_0033.jpg 1 27 10 33 33
0014_0011_0004_0052_0052.jpg 1 11 4 52 52
0015_0011_0025_0056_0056.jpg 1 11 25 56 56
0016_0005_0029_0057_0057.jpg 1 5 29 57 57
0017_0017_0014_0050_0050.jpg 1 17 14 50 50
0018_0007_0025_0055_0055.jpg 1 7 25 55 55
0019_0010_0032_0035_0035.jpg 1 10 32 35 35
0020_0020_0007_0048_0048.jpg 1 20 7 48 48
0021_0036_0014_0048_0048.jpg 1 36 14 48 48
0022_0023_0042_0050_0050.jpg 1 23 42 50 50
0023_0040_0019_0032_0032.jpg 1 40 19 32 32
0024_0013_0046_0044_0044.jpg 1 13 46 44 44
0025_0010_0019_0058_0058.jpg 1 10 19 58 58
0026_0032_0047_0047_0047.jpg 1 32 47 47 47
0027_0035_0018_0027_0027.jpg 1 35 18 27 27
0028_0014_0010_0059_0059.jpg 1 14 10 59 59
0029_0016_0031_0035_0035.jpg 1 16 31 35 35
0030_0031_0026_0037_0037.jpg 1 31 26 37 37
0031_0016_0025_0067_0067.jpg 1 16 25 67 67
0032_0015_0011_0024_0024.jpg 1 15 11 24 24
0033_0033_0016_0059_0059.jpg 1 33 16 59 59
0034_0023_0030_0044_0044.jpg 1 23 30 44 44
0035_0042_0025_0042_0042.jpg 1 42 25 42 42
0036_0041_0012_0027_0027.jpg 1 41 12 27 27
0037_0022_0024_0058_0058.jpg 1 22 24 58 58
0038_0016_0019_0027_0027.jpg 1 16 19 27 27
0039_0006_0043_0046_0046.jpg 1 6 43 46 46
0040_0030_0007_0035_0035.jpg 1 30 7 35 35
0041_0020_0013_0060_0060.jpg 1 20 13 60 60
0042_0019_0020_0059_0059.jpg 1 19 20 59 59
0043_0053_0021_0036_0036.jpg 1 53 21 36 36
0044_0050_0060_0026_0026.jpg 1 50 60 26 26
0045_0026_0017_0052_0052.jpg 1 26 17 52 52
0046_0011_0012_0046_0046.jpg 1 11 12 46 46
0047_0015_0016_0068_0068.jpg 1 15 16 68 68
0048_0010_0008_0036_0036.jpg 1 10 8 36 36
0049_0059_0055_0027_0027.jpg 1 59 55 27 27
0050_0031_0022_0060_0060.jpg 1 31 22 60 60
0051_0027_0020_0039_0039.jpg 1 27 20 39 39
0052_0021_0018_0059_0059.jpg 1 21 18 59 59
0053_0017_0032_0029_0029.jpg 1 17 32 29 29
0054_0014_0031_0038_0038.jpg 1 14 31 38 38
0055_0011_0028_0051_0051.jpg 1 11 28 51 51
0056_0024_0037_0024_0024.jpg 1 24 37 24 24
0057_0019_0014_0064_0064.jpg 1 19 14 64 64
0058_0032_0026_0052_0052.jpg 1 32 26 52 52
0059_0035_0014_0042_0042.jpg 1 35 14 42 42
0060_0022_0012_0067_0067.jpg 1 22 12 67 67
0061_0034_0026_0055_0055.jpg 1 34 26 55 55
0062_0025_0032_0036_0036.jpg 1 25 32 36 36
0063_0022_0015_0039_0039.jpg 1 22 15 39 39
0064_0016_0029_0064_0064.jpg 1 16 29 64 64
0065_0022_0024_0031_0031.jpg 1 22 24 31 31
0066_0023_0019_0052_0052.jpg 1 23 19 52 52
0067_0011_0032_0048_0048.jpg 1 11 32 48 48
0068_0046_0017_0043_0043.jpg 1 46 17 43 43
0069_0008_0033_0057_0057.jpg 1 8 33 57 57
0070_0029_0052_0041_0041.jpg 1 29 52 41 41
0071_0020_0007_0049_0049.jpg 1 20 7 49 49
0072_0019_0029_0031_0031.jpg 1 19 29 31 31
0073_0044_0056_0030_0030.jpg 1 44 56 30 30
0074_0016_0008_0067_0067.jpg 1 16 8 67 67
0075_0028_0004_0066_0066.jpg 1 28 4 66 66
0076_0036_0056_0024_0024.jpg 1 36 56 24 24
0077_0030_0021_0034_0034.jpg 1 30 21 34 34
0078_0057_0058_0024_0024.jpg 1 57 58 24 24
0079_0007_0008_0028_0028.jpg 1 7 8 28 28
0080_0008_0018_0069_0069.jpg 1 8 18 69 69
0081_0034_0049_0035_0035.jpg 1 34 49 35 35
0082_0028_0015_0051_0051.jpg 1 28 15 51 51
0083_0048_0031_0034_0034.jpg 1 48 31 34 34
0084_0011_0057_0034_0034.jpg 1 11 57 34 34
0085_0024_0009_0060_0060.jpg 1 24 9 60 60
0086_0016_0019_0068_0068.jpg 1 16 19 68 68
0087_0017_0025_0065_0065.jpg 1 17 25 65 65
0088_0015_0008_0049_0049.jpg 1 15 8 49 49
0089_0019_0018_0054_0054.jpg 1 19 18 54 54
0090_0031_0007_0035_0035.jpg 1 31 7 35 35
0091_0019_0009_0053_0053.jpg 1 19 9 53 53
0092_0029_0011_0062_0062.jpg 1 29 11 62 62
0093_0035_0051_0033_0033.jpg 1 35 51 33 33
0094_0030_0026_0062_0062.jpg 1 30 26 62 62
0095_0043_0017_0050_0050.jpg 1 43 17 50 50
0096_0033_0030_0049_0049.jpg 1 33 30 49 49
0097_0050_0038_0041_0041.jpg 1 50 38 41 41
0098_0010_0041_0044_0044.jpg 1 10 41 44 44
0099_0022_0023_0061_0061.jpg 1 22 23 61 61
0100_0013_0049_0037_0037.jpg 1 13 49 37 37
0101_0020_0015_0064_0064.jpg 1 20 15 64 64
0102_0058_0009_0030_0030.jpg 1 58 9 30 30
0103_0008_0010_0068_0068.jpg 1 8 10 68 68
0104_0053_0020_0030_0030.jpg 1 53 20 30 30
0105_0010_0020_0067_0067.jpg 1 10 20 67 67
0106_0029_0027_0030_0030.jpg 1 29 27 30 30
0107_0049_0030_0026_0026.jpg 1 49 30 26 26
0108_0011_0010_0065_0065.jpg 1 11 10 65 65
0109_0032_0032_0063_0063.jpg 1 32 32 63 63
0110_0061_0014_0028_0028.jpg 1 61 14 28 28
0111_0016_0020_0061_0061.jpg 1 16 20 61 61
0112_0061_0043_0026_0026.jpg 1 61 43 26 26
0113_0031_0027_0038_0038.jpg 1 31 27 38 38
0114_0008_0019_0027_0027.jpg 1 8 19 27 27
0115_0009_0026_0065_0065.jpg 1 9 26 65 65
0116_0011_0015_0039_0039.jpg 1 11 15 39 39
0117_0054_0056_0034_0034.jpg 1 54 56 34 34
0118_0012_0034_0048_0048.jpg 1 12 34 48 48
0119_0028_0005_0052_0052.jpg 1 28 5 52 52
0120_0043_0026_0034_0034.jpg 1 43 26 34 34
0121_0025_0034_0060_0060.jpg 1 25 34 60 60
0122_0009_0013_0024_0024.jpg 1 9 13 24 24
0123_0026_0015_0069_0069.jpg 1 26 15 69 69
0124_0005_0005_0067_0067.jpg 1 5 5 67 67
0125_0033_0038_0048_0048.jpg 1 33 38 48 48
0126_0020_0046_0039_0039.jpg 1 20 46 39 39
0127_0030_0031_0059_0059.jpg 1 30 31 59 59
0128_0044_0060_0031_0031.jpg 1 44 60 31 31
0129_0025_0023_0042_0042.jpg 1 25 23 42 42
0130_0018_0025_0049_0049.jpg 1 18 25 49 49
0131_0009_0014_0026_0026.jpg 1 9 14 26 26
0132_0017_0041_0041_0041.jpg 1 17 41 41 41
0133_0050_0029_0039_0039.jpg 1 50 29 39 39
0134_0018_0053_0038_0038.jpg 1 18 53 38 38
0135_0013_0005_0069_0069.jpg 1 13 5 69 69
0136_0049_0007_0031_0031.jpg 1 49 7 31 31
0137_0054_0009_0029_0029.jpg 1 54 9 29 29
0138_0043_0025_0024_0024.jpg 1 43 25 24 24
0139_0035_0022_0060_0060.jpg 1 35 22 60 60
0140_0029_0009_0062_0062.jpg 1 29 9 62 62
0141_0007_0005_0069_0069.jpg 1 7 5 69 69
0142_0027_0060_0030_0030.jpg 1 27 60 30 30
0143_0043_0048_0027_0027.jpg 1 43 48 27 27
0144_0013_0026_0057_0057.jpg 1 13 26 57 57
0145_0009_0031_0044_0044.jpg 1 9 31 44 44
0146_0018_0043_0051_0051.jpg 1 18 43 51 51
0147_0022_0012_0050_0050.jpg 1 22 12 50 50
0148_0007_0025_0052_0052.jpg 1 7 25 52 52
0149_0032_0017_0034_0034.jpg 1 32 17 34 34
0150_0052_0021_0028_0028.jpg 1 52 21 28 28
0151_0012_0043_0047_0047.jpg 1 12 43 47 47
0152_0012_0011_0062_0062.jpg 1 12 11 62 62
0153_0012_0017_0052_0052.jpg 1 12 17 52 52
0154_0005_0008_0047_0047.jpg 1 5 8 47 47
0155_0034_0056_0025_0025.jpg 1 34 56 25 25
0156_0006_0028_0059_0059.jpg 1 6 28 59 59
0157_0006_0041_0052_0052.jpg 1 6 41 52 52
0158_0040_0020_0042_0042.jpg 1 40 20 42 42
0159_0028_0029_0053_0053.jpg 1 28 29 53 53
0160_0051_0021_0038_0038.jpg 1 51 21 38 38
0161_0025_0038_0033_0033.jpg 1 25 38 33 33
0162_0026_0012_0061_0061.jpg 1 26 12 61 61
0163_0023_0011_0035_0035.jpg 1 23 11 35 35
0164_0022_0033_0049_0049.jpg 1 22 33 49 49
0165_0019_0010_0067_0067.jpg 1 19 10 67 67
0166_0019_0038_0035_0035.jpg 1 19 38 35 35
0167_0011_0037_0052_0052.jpg 1 11 37 52 52
0168_0022_0030_0063_0063.jpg 1 22 30 63 63
0169_0037_0042_0042_0042.jpg 1 37 42 42 42
0170_0021_0024_0055_0055.jpg 1 21 24 55 55
0171_0035_0019_0028_0028.jpg 1 35 19 28 28
0172_0008_0034_0060_0060.jpg 1 8 34 60 60
0173_0031_0013_0064_0064.jpg 1 31 13 64 64
0174_0010_0009_0051_0051.jpg 1 10 9 51 51
0175_0032_0012_0041_0041.jpg 1 32 12 41 41
0176_0013_0007_0058_0058.jpg 1 13 7 58 58
0177_0034_0024_0060_0060.jpg 1 34 24 60 60
0178_0012_0031_0058_0058.jpg 1 12 31 58 58
0179_0026_0026_0037_0037.jpg 1 26 26 37 37
0180_0036_0039_0035_0035.jpg 1 36 39 35 35
0181_0022_0043_0044_0044.jpg 1 22 43 44 44
0182_0028_0033_0059_0059.jpg 1 28 33 59 59
0183_0004_0029_0064_0064.jpg 1 4 29 64 64
0184_0029_0019_0063_0063.jpg 1 29 19 63 63
0185_0018_0024_0025_0025.jpg 1 18 24 25 25
0186_0011_0020_0059_0059.jpg 1 11 20 59 59
0187_0026_0041_0045_0045.jpg 1 26 41 45 45
0188_0026_0049_0030_0030.jpg 1 26 49 30 30
0189_0008_0021_0039_0039.jpg 1 8 21 39 39
0190_0031_0016_0055_0055.jpg 1 31 16 55 55
0191_0044_0027_0045_0045.jpg 1 44 27 45 45
0192_0030_0014_0051_0051.jpg 1 30 14 51 51
0193_0021_0015_0069_0069.jpg 1 21 15 69 69
0194_0018_0009_0031_0031.jpg 1 18 9 31 31
0195_0028_0037_0054_0054.jpg 1 28 37 54 54
0196_0003_0025_0065_0065.jpg 1 3 25 65 65
0197_0037_0047_0024_0024.jpg 1 37 47 24 24
0198_0064_0011_0024_0024.jpg 1 64 11 24 24
0199_0032_0019_0048_0048.jpg 1 32 19 48 48
0200_0033_0025_0044_0044.jpg 1 33 25 44 44
0201_0057_0048_0033_0033.jpg 1 57 48 33 33
0202_0031_0045_0025_0025.jpg 1 31 45 25 25
0203_0026_0013_0050_0050.jpg 1 26 13 50 50
0204_0066_0047_0024_0024.jpg 1 66 47 24 24
0205_0054_0040_0038_0038.jpg 1 54 40 38 38
0206_0042_0026_0029_0029.jpg 1 42 26 29 29
0207_0007_0033_0050_0050.jpg 1 7 33 50 50
0208_0039_0024_0053_0053.jpg 1 39 24 53 53
0209_0036_0028_0046_0046.jpg 1 36 28 46 46
0210_0036_0010_0046_0046.jpg 1 36 10 46 46
0211_0040_0030_0046_0046.jpg 1 40 30 46 46
0212_0025_0028_0063_0063.jpg 1 25 28 63 63
0213_0065_0041_0025_0025.jpg 1 65 41 25 25
0214_0033_0040_0031_0031.jpg 1 33 40 31 31
0215_0015_0005_0050_0050.jpg 1 15 5 50 50
0216_0004_0009_0067_0067.jpg 1 4 9 67 67
0217_0020_0032_0036_0036.jpg 1 20 32 36 36
0218_0018_0005_0052_0052.jpg 1 18 5 52 52
0219_0033_0017_0058_0058.jpg 1 33 17 58 58
0220_0029_0029_0062_0062.jpg 1 29 29 62 62
0221_0046_0048_0046_0046.jpg 1 46 48 46 46
0222_0019_0033_0054_0054.jpg 1 19 33 54 54
0223_0026_0017_0026_0026.jpg 1 26 17 26 26
0224_0030_0026_0043_0043.jpg 1 30 26 43 43
0225_0026_0031_0046_0046.jpg 1 26 31 46 46
0226_0016_0021_0064_0064.jpg 1 16 21 64 64
0227_0009_0044_0047_0047.jpg 1 9 44 47 47
0228_0014_0015_0050_0050.jpg 1 14 15 50 50
0229_0043_0050_0039_0039.jpg 1 43 50 39 39
0230_0036_0032_0056_0056.jpg 1 36 32 56 56
0231_0011_0034_0056_0056.jpg 1 11 34 56 56
0232_0042_0015_0043_0043.jpg 1 42 15 43 43
0233_0017_0024_0069_0069.jpg 1 17 24 69 69
0234_0009_0021_0056_0056.jpg 1 9 21 56 56
0235_0018_0012_0065_0065.jpg 1 18 12 65 65
0236_0060_0009_0025_0025.jpg 1 60 9 25 25
0237_0016_0026_0068_0068.jpg 1 16 26 68 68
0238_0014_0019_0067_0067.jpg 1 14 19 67 67
0239_0034_0027_0059_0059.jpg 1 34 27 59 59
0240_0020_0028_0062_0062.jpg 1 20 28 62 62
0241_0038_0047_0026_0026.jpg 1 38 47 26 26
0242_0026_0028_0049_0049.jpg 1 26 28 49 49
0243_0029_0016_0053_0053.jpg 1 29 16 53 53
0244_0013_0053_0029_0029.jpg 1 13 53 29 29
0245_0017_0008_0037_0037.jpg 1 17 8 37 37
0246_0036_0010_0034_0034.jpg 1 36 10 34 34
0247_0020_0039_0052_0052.jpg 1 20 39 52 52
0248_0016_0031_0063_0063.jpg 1 16 31 63 63
0249_0027_0031_0052_0052.jpg 1 27 31 52 52
0250_0010_0012_0056_0056.jpg 1 10 12 56 56
0251_0009_0016_0065_0065.jpg 1 9 16 65 65
0252_0038_0006_0051_0051.jpg 1 38 6 51 51
0253_0039_0051_0039_0039.jpg 1 39 51 39 39
0254_0020_0027_0033_0033.jpg 1 20 27 33 33
0255_0016_0027_0068_0068.jpg 1 16 27 68 68
0256_0047_0057_0027_0027.jpg 1 47 57 27 27
0257_0047_0014_0040_0040.jpg 1 47 14 40 40
0258_0027_0009_0058_0058.jpg 1 27 9 58 58
0259_0038_0048_0030_0030.jpg 1 38 48 30 30
0260_0014_0013_0038_0038.jpg 1 14 13 38 38
0261_0022_0023_0062_0062.jpg 1 22 23 62 62
0262_0027_0018_0060_0060.jpg 1 27 18 60 60
0263_0024_0016_0064_0064.jpg 1 24 16 64 64
0264_0020_0015_0039_0039.jpg 1 20 15 39 39
0265_0008_0012_0065_0065.jpg 1 8 12 65 65
0266_0012_0025_0067_0067.jpg 1 12 25 67 67
0267_0016_0022_0064_0064.jpg 1 16 22 64 64
0268_0015_0010_0049_0049.jpg 1 15 10 49 49
0269_0026_0005_0069_0069.jpg 1 26 5 69 69
0270_0006_0011_0037_0037.jpg 1 6 11 37 37
0271_0031_0034_0056_0056.jpg 1 31 34 56 56
0272_0021_0008_0060_0060.jpg 1 21 8 60 60
0273_0024_0007_0053_0053.jpg 1 24 7 53 53
0274_0046_0024_0024_0024.jpg 1 46 24 24 24
0275_0043_0042_0024_0024.jpg 1 43 42 24 24
0276_0018_0028_0047_0047.jpg 1 18 28 47 47
0277_0032_0034_0050_0050.jpg 1 32 34 50 50
0278_0027_0006_0062_0062.jpg 1 27 6 62 62
0279_0004_0020_0066_0066.jpg 1 4 20 66 66
0280_0019_0008_0052_0052.jpg 1 19 8 52 52
0281_0009_0026_0065_0065.jpg 1 9 26 65 65
0282_0020_0010_0044_0044.jpg 1 20 10 44 44
0283_0026_0023_0063_0063.jpg 1 26 23 63 63
0284_0029_0018_0055_0055.jpg 1 29 18 55 55
0285_0035_0028_0042_0042.jpg 1 35 28 42 42
0286_0032_0024_0061_0061.jpg 1 32 24 61 61
0287_0046_0009_0043_0043.jpg 1 46 9 43 43
0288_0023_0024_0055_0055.jpg 1 23 24 55 55
0289_0010_0021_0056_0056.jpg 1 10 21 56 56
0290_0045_0036_0030_0030.jpg 1 45 36 30 30
0291_0008_0033_0058_0058.jpg 1 8 33 58 58
0292_0015_0046_0038_0038.jpg 1 15 46 38 38
0293_0046_0013_0046_0046.jpg 1 46 13 46 46
0294_0017_0015_0059_0059.jpg 1 17 15 59 59
0295_0017_0038_0035_0035.jpg 1 17 38 35 35
0296_0004_0034_0060_0060.jpg 1 4 34 60 60
0297_0022_0014_0048_0048.jpg 1 22 14 48 48
0298_0037_0029_0046_0046.jpg 1 37 29 46 46
0299_0012_0009_0039_0039.jpg 1 12 9 39 39
0300_0053_0027_0035_0035.jpg 1 53 27 35 35
0301_0029_0021_0052_0052.jpg 1 29 21 52 52
0302_0028_0006_0054_0054.jpg 1 28 6 54 54
0303_0044_0024_0043_0043.jpg 1 44 24 43 43
0304_0041_0031_0041_0041.jpg 1 41 31 41 41
0305_0047_0022_0042_0042.jpg 1 47 22 42 42
0306_0008_0029_0062_0062.jpg 1 8 29 62 62
0307_0033_0027_0054_0054.jpg 1 33 27 54 54
0308_0019_0010_0066_0066.jpg 1 19 10 66 66
0309_0014_0019_0055_0055.jpg 1 14 19 55 55
0310_0027_0025_0049_0049.jpg 1 27 25 49 49
0311_0025_0019_0040_0040.jpg 1 25 19 40 40
0312_0028_0042_0031_0031.jpg 1 28 42 31 31
0313_0039_0010_0052_0052.jpg 1 39 10 52 52
0314_0004_0015_0057_0057.jpg 1 4 15 57 57
0315_0027_0025_0068_0068.jpg 1 27 25 68 68
0316_0046_0018_0035_0035.jpg 1 46 18 35 35
0317_0028_0007_0068_0068.jpg 1 28 7 68 68
0318_0013_0012_0056_0056.jpg 1 13 12 56 56
0319_0021_0035_0060_0060.jpg 1 21 35 60 60
0320_0042_0048_0046_0046.jpg 1 42 48 46 46
0321_0010_0025_0034_0034.jpg 1 10 25 34 34
0322_0016_0017_0053_0053.jpg 1 16 17 53 53
0323_0006_0009_0067_0067.jpg 1 6 9 67 67
0324_0039_0039_0056_0056.jpg 1 39 39 56 56
0325_0014_0032_0064_0064.jpg 1 14 32 64 64
0326_0012_0040_0025_0025.jpg 1 12 40 25 25
0327_0011_0031_0038_0038.jpg 1 11 31 38 38
0328_0013_0014_0067_0067.jpg 1 13 14 67 67
0329_0034_0055_0024_0024.jpg 1 34 55 24 24
0330_0045_0009_0047_0047.jpg 1 45 9 47 47
0331_0018_0048_0037_0037.jpg 1 18 48 37 37
0332_0034_0030_0056_0056.jpg 1 34 30 56 56
0333_0033_0032_0050_0050.jpg 1 33 32 50 50
0334_0006_0011_0041_0041.jpg 1 6 11 41 41
0335_0044_0035_0049_0049.jpg 1 44 35 49 49
0336_0009_0026_0060_0060.jpg 1 9 26 60 60
0337_0012_0028_0027_0027.jpg 1 12 28 27 27
0338_0009_0026_0062_0062.jpg 1 9 26 62 62
0339_0022_0031_0046_0046.jpg 1 22 31 46 46
0340_0010_0026_0035_0035.jpg 1 10 26 35 35
0341_0032_0032_0054_0054.jpg 1 32 32 54 54
0342_0025_0014_0054_0054.jpg 1 25 14 54 54
0343_0028_0030_0031_0031.jpg 1 28 30 31 31
0344_0019_0046_0038_0038.jpg 1 19 46 38 38
0345_0008_0022_0040_0040.jpg 1 8 22 40 40
0346_0033_0010_0053_0053.jpg 1 33 10 53 53
0347_0026_0043_0043_0043.jpg 1 26 43 43 43
0348_0006_0025_0062_0062.jpg 1 6 25 62 62
0349_0012_0022_0065_0065.jpg 1 12 22 65 65
0350_0052_0040_0041_0041.jpg 1 52 40 41 41
0351_0057_0007_0033_0033.jpg 1 57 7 33 33
0352_0013_0036_0058_0058.jpg 1 13 36 58 58
0353_0029_0020_0042_0042.jpg 1 29 20 42 42
0354_0015_0026_0026_0026.jpg 1 15 26 26 26
0355_0016_0060_0025_0025.jpg 1 16 60 25 25
0356_0024_0019_0064_0064.jpg 1 24 19 64 64
0357_0010_0018_0061_0061.jpg 1 10 18 61 61
0358_0032_0015_0051_0051.jpg 1 32 15 51 51
0359_0028_0028_0050_0050.jpg 1 28 28 50 50
0360_0032_0020_0049_0049.jpg 1 32 20 49 49
0361_0025_0009_0054_0054.jpg 1 25 9 54 54
0362_0021_0019_0027_0027.jpg 1 21 19 27 27
0363_0039_0038_0039_0039.jpg 1 39 38 39 39
0364_0009_0017_0029_0029.jpg 1 9 17 29 29
0365_0052_0030_0029_0029.jpg 1 52 30 29 29
0366_0007_0034_0060_0060.jpg 1 7 34 60 60
0367_0019_0006_0055_0055.jpg 1 19 6 55 55
0368_0035_0026_0059_0059.jpg 1 35 26 59 59
0369_0026_0003_0065_0065.jpg 1 26 3 65 65
0370_0007_0027_0048_0048.jpg 1 7 27 48 48
0371_0031_0005_0052_0052.jpg 1 31 5 52 52
0372_0027_0023_0029_0029.jpg 1 27 23 29 29
0373_0025_0006_0050_0050.jpg 1 25 6 50 50
0374_0027_0012_0051_0051.jpg 1 27 12 51 51
0375_0016_0010_0059_0059.jpg 1 16 10 59 59
0376_0040_0054_0037_0037.jpg 1 40 54 37 37
0377_0012_0015_0065_0065.jpg 1 12 15 65 65
0378_0048_0035_0039_0039.jpg 1 48 35 39 39
0379_0024_0023_0055_0055.jpg 1 24 23 55 55
0380_0034_0011_0053_0053.jpg 1 34 11 53 53
0381_0039_0016_0030_0030.jpg 1 39 16 30 30
0382_0034_0041_0042_0042.jpg 1 34 41 42 42
0383_0045_0045_0041_0041.jpg 1 45 45 41 41
0384_0036_0037_0058_0058.jpg 1 36 37 58 58
0385_0052_0030_0028_0028.jpg 1 52 30 28 28
0386_0033_0041_0052_0052.jpg 1 33 41 52 52
0387_0036_0030_0025_0025.jpg 1 36 30 25 25
0388_0010_0021_0063_0063.jpg 1 10 21 63 63
0389_0032_0037_0040_0040.jpg 1 32 37 40 40
0390_0013_0009_0064_0064.jpg 1 13 9 64 64
0391_0018_0008_0044_0044.jpg 1 18 8 44 44
0392_0048_0009_0044_0044.jpg 1 48 9 44 44
0393_0061_0023_0025_0025.jpg 1 61 23 25 25
0394_0028_0013_0051_0051.jpg 1 28 13 51 51
0395_0015_0011_0068_0068.jpg 1 15 11 68 68
0396_0031_0006_0045_0045.jpg 1 31 6 45 45
0397_0022_0035_0051_0051.jpg 1 22 35 51 51
0398_0037_0010_0054_0054.jpg 1 37 10 54 54
0399_0014_0004_0066_0066.jpg 1 14 4 66 66
0400_0053_0034_0027_0027.jpg 1 53 34 27 27
0401_0031_0016_0039_0039.jpg 1 31 16 39 39
0402_0031_0024_0064_0064.jpg 1 31 24 64 64
0403_0050_0046_0039_0039.jpg 1 50 46 39 39
0404_0018_0030_0058_0058.jpg 1 18 30 58 58
0405_0019_0027_0035_0035.jpg 1 19 27 35 35
0406_0038_0037_0055_0055.jpg 1 38 37 55 55
0407_0014_0023_0052_0052.jpg 1 14 23 52 52
0408_0014_0031_0038_0038.jpg 1 14 31 38 38
0409_0026_0007_0069_0069.jpg 1 26 7 69 69
0410_0027_0024_0050_0050.jpg 1 27 24 50 50
0411_0005_0035_0057_0057.jpg 1 5 35 57 57
0412_0019_0035_0059_0059.jpg 1 19 35 59 59
0413_0059_0015_0033_0033.jpg 1 59 15 33 33
0414_0062_0048_0027_0027.jpg 1 62 48 27 27
0415_0032_0009_0064_0064.jpg 1 32 9 64 64
0416_0024_0034_0024_0024.jpg 1 24 34 24 24
0417_0030_0011_0049_0049.jpg 1 30 11 49 49
0418_0009_0036_0048_0048.jpg 1 9 36 48 48
0419_0030_0010_0062_0062.jpg 1 30 10 62 62
0420_0033_0031_0051_0051.jpg 1 33 31 51 51
0421_0016_0041_0033_0033.jpg 1 16 41 33 33
0422_0023_0045_0043_0043.jpg 1 23 45 43 43
0423_0005_0015_0067_0067.jpg 1 5 15 67 67
0424_0036_0050_0028_0028.jpg 1 36 50 28 28
0425_0011_0046_0046_0046.jpg 1 11 46 46 46
0426_0031_0039_0054_0054.jpg 1 31 39 54 54
0427_0040_0027_0035_0035.jpg 1 40 27 35 35
0428_0020_0009_0031_0031.jpg 1 20 9 31 31
0429_0036_0009_0034_0034.jpg 1 36 9 34 34
0430_0036_0030_0050_0050.jpg 1 36 30 50 50
0431_0044_0038_0032_0032.jpg 1 44 38 32 32
0432_0009_0021_0069_0069.jpg 1 9 21 69 69
0433_0011_0004_0052_0052.jpg 1 11 4 52 52
0434_0017_0011_0058_0058.jpg 1 17 11 58 58
0435_0024_0005_0051_0051.jpg 1 24 5 51 51
0436_0044_0057_0035_0035.jpg 1 44 57 35 35
0437_0041_0031_0050_0050.jpg 1 41 31 50 50
0438_0022_0006_0045_0045.jpg 1 22 6 45 45
0439_0005_0035_0059_0059.jpg 1 5 35 59 59
0440_0024_0009_0034_0034.jpg 1 24 9 34 34
0441_0011_0025_0062_0062.jpg 1 11 25 62 62
0442_0048_0014_0042_0042.jpg 1 48 14 42 42
0443_0014_0016_0060_0060.jpg 1 14 16 60 60
0444_0034_0037_0027_0027.jpg 1 34 37 27 27
0445_0052_0046_0030_0030.jpg 1 52 46 30 30
0446_0022_0007_0054_0054.jpg 1 22 7 54 54
0447_0029_0016_0043_0043.jpg 1 29 16 43 43
0448_0017_0033_0041_0041.jpg 1 17 33 41 41
0449_0027_0028_0065_0065.jpg 1 27 28 65 65
0450_0045_0014_0046_0046.jpg 1 45 14 46 46
0451_0030_0028_0051_0051.jpg 1 30 28 51 51
0452_0015_0038_0052_0052.jpg 1 15 38 52 52
0453_0025_0016_0034_0034.jpg 1 25 16 34 34
0454_0046_0011_0025_0025.jpg 1 46 11 25 25
0455_0027_0029_0045_0045.jpg 1 27 29 45 45
0456_0039_0030_0045_0045.jpg 1 39 30 45 45
0457_0014_0021_0064_0064.jpg 1 14 21 64 64
0458_0015_0028_0061_0061.jpg 1 15 28 61 61
0459_0023_0029_0034_0034.jpg 1 23 29 34 34
0460_0018_0030_0058_0058.jpg 1 18 30 58 58
0461_0041_0048_0035_0035.jpg 1 41 48 35 35
0462_0026_0047_0047_0047.jpg 1 26 47 47 47
0463_0019_0030_0058_0058.jpg 1 19 30 58 58
0464_0036_0015_0057_0057.jpg 1 36 15 57 57
0465_0020_0044_0036_0036.jpg 1 20 44 36 36
0466_0028_0034_0049_0049.jpg 1 28 34 49 49
0467_0012_0043_0036_0036.jpg 1 12 43 36 36
0468_0011_0039_0032_0032.jpg 1 11 39 32 32
0469_0005_0026_0069_0069.jpg 1 5 26 69 69
0470_0032_0026_0061_0061.jpg 1 32 26 61 61
0471_0037_0066_0026_0026.jpg 1 37 66 26 26
0472_0055_0053_0034_0034.jpg 1 55 53 34 34
0473_0031_0032_0047_0047.jpg 1 31 32 47 47
0474_0021_0020_0066_0066.jpg 1 21 20 66 66
0475_0013_0014_0032_0032.jpg 1 13 14 32 32
0476_0009_0025_0068_0068.jpg 1 9 25 68 68
0477_0007_0040_0051_0051.jpg 1 7 40 51 51
0478_0013_0007_0050_0050.jpg 1 13 7 50 50
0479_0023_0018_0057_0057.jpg 1 23 18 57 57
0480_0037_0025_0056_0056.jpg 1 37 25 56 56
0481_0058_0035_0028_0028.jpg 1 58 35 28 28
0482_0009_0020_0062_0062.jpg 1 9 20 62 62
0483_0030_0037_0052_0052.jpg 1 30 37 52 52
0484_0009_0028_0045_0045.jpg 1 9 28 45 45
0485_0033_0018_0037_0037.jpg 1 33 18 37 37
0486_0023_0020_0051_0051.jpg 1 23 20 51 51
0487_0014_0013_0064_0064.jpg 1 14 13 64 64
0488_0044_0019_0035_0035.jpg 1 44 19 35 35
0489_0017_0015_0066_0066.jpg 1 17 15 66 66
0490_0047_0018_0025_0025.jpg 1 47 18 25 25
0491_0058_0007_0035_0035.jpg 1 58 7 35 35
0492_0038_0017_0024_0024.jpg 1 38 17 24 24
0493_0012_0029_0062_0062.jpg 1 12 29 62 62
0494_0011_0021_0055_0055.jpg 1 11 21 55 55
0495_0042_0045_0046_0046.jpg 1 42 45 46 46
0496_0014_0034_0061_0061.jpg 1 14 34 61 61
0497_0029_0017_0056_0056.jpg 1 29 17 56 56
0498_0028_0014_0064_0064.jpg 1 28 14 64 64
0499_0011_0028_0056_0056.jpg 1 11 28 56 56
0500_0029_0008_0057_0057.jpg 1 29 8 57 57
0501_0040_0009_0052_0052.jpg 1 40 9 52 52
0502_0041_0038_0031_0031.jpg 1 41 38 31 31
0503_0024_0012_0045_0045.jpg 1 24 12 45 45
0504_0034_0045_0038_0038.jpg 1 34 45 38 38
0505_0017_0017_0030_0030.jpg 1 17 17 30 30
0506_0023_0010_0025_0025.jpg 1 23 10 25 25
0507_0027_0036_0048_0048.jpg 1 27 36 48 48
0508_0041_0037_0039_0039.jpg 1 41 37 39 39
0509_0030_0008_0037_0037.jpg 1 30 8 37 37
0510_0054_0038_0038_0038.jpg 1 54 38 38 38
0511_0055_0057_0034_0034.jpg 1 55 57 34 34
0512_0020_0031_0053_0053.jpg 1 20 31 53 53
0513_0005_0019_0065_0065.jpg 1 5 19 65 65
0514_0009_0011_0054_0054.jpg 1 9 11 54 54
0515_0036_0049_0032_0032.jpg 1 36 49 32 32
0516_0029_0004_0065_0065.jpg 1 29 4 65 65
0517_0016_0017_0067_0067.jpg 1 16 17 67 67
0518_0027_0046_0039_0039.jpg 1 27 46 39 39
0519_0016_0013_0046_0046.jpg 1 16 13 46 46
0520_0024_0026_0065_0065.jpg 1 24 26 65 65
0521_0021_0063_0027_0027.jpg 1 21 63 27 27
0522_0011_0030_0036_0036.jpg 1 11 30 36 36
0523_0043_0030_0042_0042.jpg 1 43 30 42 42
0524_0026_0028_0041_0041.jpg 1 26 28 41 41
0525_0035_0009_0024_0024.jpg 1 35 9 24 24
0526_0034_0032_0028_0028.jpg 1 34 32 28 28
0527_0016_0012_0062_0062.jpg 1 16 12 62 62
0528_0013_0024_0069_0069.jpg 1 13 24 69 69
0529_0052_0025_0039_0039.jpg 1 52 25 39 39
0530_0011_0029_0043_0043.jpg 1 11 29 43 43
0531_0030_0036_0030_0030.jpg 1 30 36 30 30
0532_0006_0011_0044_0044.jpg 1 6 11 44 44
0533_0010_0018_0041_0041.jpg 1 10 18 41 41
0534_0028_0024_0060_0060.jpg 1 28 24 60 60
0535_0021_0028_0065_0065.jpg 1 21 28 65 65
0536_0004_0019_0057_0057.jpg 1 4 19 57 57
0537_0025_0031_0043_0043.jpg 1 25 31 43 43
0538_0028_0036_0047_0047.jpg 1 28 36 47 47
0539_0032_0029_0029_0029.jpg 1 32 29 29 29
0540_0049_0029_0028_0028.jpg 1 49 29 28 28
0541_0030_0011_0047_0047.jpg 1 30 11 47 47
0542_0009_0031_0063_0063.jpg 1 9 31 63 63
0543_0031_0006_0064_0064.jpg 1 31 6 64 64
0544_0009_0024_0065_0065.jpg 1 9 24 65 65
0545_0006_0014_0043_0043.jpg 1 6 14 43 43
0546_0037_0044_0040_0040.jpg 1 37 44 40 40
0547_0021_0004_0065_0065.jpg 1 21 4 65 65
0548_0017_0020_0065_0065.jpg 1 17 20 65 65
0549_0058_0059_0026_0026.jpg 1 58 59 26 26
0550_0009_0025_0054_0054.jpg 1 9 25 54 54
0551_0025_0031_0064_0064.jpg 1 25 31 64 64
0552_0022_0022_0055_0055.jpg 1 22 22 55 55
0553_0042_0033_0051_0051.jpg 1 42 33 51 51
0554_0017_0017_0052_0052.jpg 1 17 17 52 52
0555_0034_0021_0054_0054.jpg 1 34 21 54 54
0556_0036_0044_0043_0043.jpg 1 36 44 43 43
0557_0021_0044_0035_0035.jpg 1 21 44 35 35
0558_0030_0030_0047_0047.jpg 1 30 30 47 47
0559_0011_0023_0040_0040.jpg 1 11 23 40 40
0560_0033_0014_0026_0026.jpg 1 33 14 26 26
0561_0015_0022_0058_0058.jpg 1 15 22 58 58
0562_0011_0016_0063_0063.jpg 1 11 16 63 63
0563_0038_0041_0038_0038.jpg 1 38 41 38 38
0564_0013_0018_0062_0062.jpg 1 13 18 62 62
0565_0034_0025_0054_0054.jpg 1 34 25 54 54
0566_0024_0027_0047_0047.jpg 1 24 27 47 47
0567_0021_0009_0055_0055.jpg 1 21 9 55 55
0568_0010_0030_0045_0045.jpg 1 10 30 45 45
0569_0005_0021_0051_0051.jpg 1 5 21 51 51
0570_0027_0020_0038_0038.jpg 1 27 20 38 38
0571_0023_0038_0051_0051.jpg 1 23 38 51 51
0572_0027_0029_0042_0042.jpg 1 27 29 42 42
0573_0024_0056_0034_0034.jpg 1 24 56 34 34
0574_0006_0021_0050_0050.jpg 1 6 21 50 50
0575_0030_0051_0029_0029.jpg 1 30 51 29 29
0576_0011_0062_0029_0029.jpg 1 11 62 29 29
0577_0035_0044_0038_0038.jpg 1 35 44 38 38
0578_0012_0043_0049_0049.jpg 1 12 43 49 49
0579_0032_0018_0060_0060.jpg 1 32 18 60 60
0580_0011_0053_0027_0027.jpg 1 11 53 27 27
0581_0024_0020_0039_0039.jpg 1 24 20 39 39
0582_0036_0051_0039_0039.jpg 1 36 51 39 39
0583_0015_0007_0067_0067.jpg 1 15 7 67 67
0584_0015_0042_0032_0032.jpg 1 15 42 32 32
0585_0020_0016_0069_0069.jpg 1 20 16 69 69
0586_0015_0035_0054_0054.jpg 1 15 35 54 54
0587_0027_0017_0052_0052.jpg 1 27 17 52 52
0588_0053_0036_0037_0037.jpg 1 53 36 37 37
0589_0035_0008_0053_0053.jpg 1 35 8 53 53
0590_0016_0014_0041_0041.jpg 1 16 14 41 41
0591_0055_0012_0036_0036.jpg 1 55 12 36 36
0592_0006_0038_0049_0049.jpg 1 6 38 49 49
0593_0009_0004_0065_0065.jpg 1 9 4 65 65
0594_0051_0036_0038_0038.jpg 1 51 36 38 38
0595_0005_0032_0051_0051.jpg 1 5 32 51 51
0596_0024_0024_0048_0048.jpg 1 24 24 48 48
0597_0060_0033_0026_0026.jpg 1 60 33 26 26
0598_0058_0043_0025_0025.jpg 1 58 43 25 25
0599_0018_0052_0027_0027.jpg 1 18 52 27 27
0600_0015_0021_0028_0028.jpg 1 15 21 28 28
0601_0021_0015_0032_0032.jpg 1 21 15 32 32
0602_0020_0004_0055_0055.jpg 1 20 4 55 55
0603_0011_0050_0033_0033.jpg 1 11 50 33 33
0604_0006_0029_0058_0058.jpg 1 6 29 58 58
0605_0047_0035_0038_0038.jpg 1 47 35 38 38
0606_0024_0048_0029_0029.jpg 1 24 48 29 29
0607_0029_0012_0054_0054.jpg 1 29 12 54 54
0608_0030_0007_0057_0057.jpg 1 30 7 57 57
0609_0016_0028_0033_0033.jpg 1 16 28 33 33
0610_0027_0022_0039_0039.jpg 1 27 22 39 39
0611_0014_0008_0063_0063.jpg 1 14 8 63 63
0612_0053_0046_0038_0038.jpg 1 53 46 38 38
0613_0018_0022_0026_0026.jpg 1 18 22 26 26
0614_0051_0063_0028_0028.jpg 1 51 63 28 28
0615_0006_0021_0048_0048.jpg 1 6 21 48 48
0616_0019_0033_0038_0038.jpg 1 19 33 38 38
0617_0005_0021_0056_0056.jpg 1 5 21 56 56
0618_0015_0054_0037_0037.jpg 1 15 54 37 37
0619_0007_0029_0063_0063.jpg 1 7 29 63 63
0620_0029_0014_0065_0065.jpg 1 29 14 65 65
0621_0032_0005_0050_0050.jpg 1 32 5 50 50
0622_0038_0056_0030_0030.jpg 1 38 56 30 30
0623_0006_0026_0040_0040.jpg 1 6 26 40 40
0624_0030_0034_0054_0054.jpg 1 30 34 54 54
0625_0029_0021_0054_0054.jpg 1 29 21 54 54
0626_0009_0033_0050_0050.jpg 1 9 33 50 50
0627_0048_0012_0042_0042.jpg 1 48 12 42 42
0628_0043_0038_0024_0024.jpg 1 43 38 24 24
0629_0033_0034_0052_0052.jpg 1 33 34 52 52
0630_0025_0038_0033_0033.jpg 1 25 38 33 33
0631_0024_0007_0057_0057.jpg 1 24 7 57 57
0632_0029_0030_0063_0063.jpg 1 29 30 63 63
0633_0055_0008_0036_0036.jpg 1 55 8 36 36
0634_0023_0035_0037_0037.jpg 1 23 35 37 37
0635_0007_0015_0055_0055.jpg 1 7 15 55 55
0636_0030_0036_0041_0041.jpg 1 30 36 41 41
0637_0033_0034_0031_0031.jpg 1 33 34 31 31
0638_0026_0018_0063_0063.jpg 1 26 18 63 63
0639_0021_0011_0046_0046.jpg 1 21 11 46 46
0640_0024_0025_0069_0069.jpg 1 24 25 69 69
0641_0025_0027_0034_0034.jpg 1 25 27 34 34
0642_0019_0009_0037_0037.jpg 1 19 9 37 37
0643_0008_0007_0034_0034.jpg 1 8 7 34 34
0644_0010_0013_0041_0041.jpg 1 10 13 41 41
0645_0006_0016_0051_0051.jpg 1 6 16 51 51
0646_0029_0021_0052_0052.jpg 1 29 21 52 52
0647_0039_0016_0051_0051.jpg 1 39 16 51 51
0648_0036_0006_0045_0045.jpg 1 36 6 45 45
0649_0010_0054_0030_0030.jpg 1 10 54 30 30
0650_0024_0028_0061_0061.jpg 1 24 28 61 61
0651_0011_0025_0046_0046.jpg 1 11 25 46 46
0652_0015_0025_0063_0063.jpg 1 15 25 63 63
0653_0044_0008_0040_0040.jpg 1 44 8 40 40
0654_0060_0045_0030_0030.jpg 1 60 45 30 30
0655_0021_0016_0065_0065.jpg 1 21 16 65 65
0656_0031_0010_0052_0052.jpg 1 31 10 52 52
0657_0019_0017_0065_0065.jpg 1 19 17 65 65
0658_0017_0012_0054_0054.jpg 1 17 12 54 54
0659_0009_0012_0067_0067.jpg 1 9 12 67 67
0660_0017_0023_0033_0033.jpg 1 17 23 33 33
0661_0029_0032_0056_0056.jpg 1 29 32 56 56
0662_0017_0042_0051_0051.jpg 1 17 42 51 51
0663_0037_0017_0024_0024.jpg 1 37 17 24 24
0664_0004_0027_0068_0068.jpg 1 4 27 68 68
0665_0026_0010_0066_0066.jpg 1 26 10 66 66
0666_0011_0011_0059_0059.jpg 1 11 11 59 59
0667_0006_0027_0044_0044.jpg 1 6 27 44 44
0668_0019_0039_0056_0056.jpg 1 19 39 56 56
0669_0021_0019_0056_0056.jpg 1 21 19 56 56
0670_0038_0046_0047_0047.jpg 1 38 46 47 47
0671_0013_0010_0063_0063.jpg 1 13 10 63 63
0672_0019_0017_0067_0067.jpg 1 19 17 67 67
0673_0045_0038_0027_0027.jpg 1 45 38 27 27
0674_0009_0034_0058_0058.jpg 1 9 34 58 58
0675_0010_0037_0056_0056.jpg 1 10 37 56 56
0676_0026_0005_0059_0059.jpg 1 26 5 59 59
0677_0061_0016_0027_0027.jpg 1 61 16 27 27
0678_0016_0061_0031_0031.jpg 1 16 61 31 31
0679_0040_0050_0029_0029.jpg 1 40 50 29 29
0680_0021_0021_0069_0069.jpg 1 21 21 69 69
0681_0020_0024_0057_0057.jpg 1 20 24 57 57
0682_0036_0031_0042_0042.jpg 1 36 31 42 42
0683_0024_0026_0063_0063.jpg 1 24 26 63 63
0684_0006_0025_0042_0042.jpg 1 6 25 42 42
0685_0044_0008_0032_0032.jpg 1 44 8 32 32
0686_0024_0015_0067_0067.jpg 1 24 15 67 67
0687_0023_0057_0028_0028.jpg 1 23 57 28 28
0688_0008_0024_0049_0049.jpg 1 8 24 49 49
0689_0029_0028_0055_0055.jpg 1 29 28 55 55
0690_0012_0026_0063_0063.jpg 1 12 26 63 63
0691_0039_0011_0050_0050.jpg 1 39 11 50 50
0692_0035_0007_0057_0057.jpg 1 35 7 57 57
0693_0021_0031_0046_0046.jpg 1 21 31 46 46
0694_0036_0045_0044_0044.jpg 1 36 45 44 44
0695_0038_0013_0030_0030.jpg 1 38 13 30 30
0696_0056_0027_0025_0025.jpg 1 56 27 25 25
0697_0010_0046_0047_0047.jpg 1 10 46 47 47
0698_0007_0042_0030_0030.jpg 1 7 42 30 30
0699_0052_0027_0026_0026.jpg 1 52 27 26 26
0700_0057_0032_0035_0035.jpg 1 57 32 35 35
0701_0012_0035_0058_0058.jpg 1 12 35 58 58
0702_0007_0004_0069_0069.jpg 1 7 4 69 69
0703_0028_0006_0064_0064.jpg 1 28 6 64 64
0704_0032_0023_0030_0030.jpg 1 32 23 30 30
0705_0037_0024_0034_0034.jpg 1 37 24 34 34
0706_0026_0015_0051_0051.jpg 1 26 15 51 51
0707_0030_0013_0051_0051.jpg 1 30 13 51 51
0708_0058_0034_0031_0031.jpg 1 58 34 31 31
0709_0026_0005_0068_0068.jpg 1 26 5 68 68
0710_0042_0046_0048_0048.jpg 1 42 46 48 48
0711_0037_0010_0048_0048.jpg 1 37 10 48 48
0712_0024_0028_0064_0064.jpg 1 24 28 64 64
0713_0009_0014_0060_0060.jpg 1 9 14 60 60
0714_0024_0032_0032_0032.jpg 1 24 32 32 32
0715_0005_0025_0069_0069.jpg 1 5 25 69 69
0716_0022_0025_0048_0048.jpg 1 22 25 48 48
0717_0022_0053_0024_0024.jpg 1 22 53 24 24
0718_0020_0014_0068_0068.jpg 1 20 14 68 68
0719_0055_0031_0035_0035.jpg 1 55 31 35 35
0720_0063_0038_0028_0028.jpg 1 63 38 28 28
0721_0027_0027_0069_0069.jpg 1 27 27 69 69
0722_0003_0019_0068_0068.jpg 1 3 19 68 68
0723_0004_0020_0064_0064.jpg 1 4 20 64 64
0724_0034_0045_0026_0026.jpg 1 34 45 26 26
0725_0020_0023_0037_0037.jpg 1 20 23 37 37
0726_0039_0051_0039_0039.jpg 1 39 51 39 39
0727_0010_0045_0039_0039.jpg 1 10 45 39 39
0728_0005_0026_0054_0054.jpg 1 5 26 54 54
0729_0005_0024_0047_0047.jpg 1 5 24 47 47
0730_0038_0039_0037_0037.jpg 1 38 39 37 37
0731_0062_0028_0024_0024.jpg 1 62 28 24 24
0732_0057_0055_0036_0036.jpg 1 57 55 36 36
0733_0026_0027_0034_0034.jpg 1 26 27 34 34
0734_0026_0025_0060_0060.jpg 1 26 25 60 60
0735_0043_0046_0028_0028.jpg 1 43 46 28 28
0736_0026_0038_0039_0039.jpg 1 26 38 39 39
0737_0041_0015_0051_0051.jpg 1 41 15 51 51
0738_0046_0024_0035_0035.jpg 1 46 24 35 35
0739_0006_0032_0043_0043.jpg 1 6 32 43 43
0740_0029_0029_0041_0041.jpg 1 29 29 41 41
0741_0024_0025_0059_0059.jpg 1 24 25 59 59
0742_0028_0034_0060_0060.jpg 1 28 34 60 60
0743_0019_0020_0041_0041.jpg 1 19 20 41 41
0744_0034_0022_0055_0055.jpg 1 34 22 55 55
0745_0044_0046_0029_0029.jpg 1 44 46 29 29
0746_0011_0006_0065_0065.jpg 1 11 6 65 65
0747_0022_0009_0065_0065.jpg 1 22 9 65 65
0748_0009_0029_0059_0059.jpg 1 9 29 59 59
0749_0040_0028_0044_0044.jpg 1 40 28 44 44
0750_0012_0044_0033_0033.jpg 1 12 44 33 33
0751_0061_0038_0025_0025.jpg 1 61 38 25 25
0752_0044_0051_0032_0032.jpg 1 44 51 32 32
0753_0053_0021_0035_0035.jpg 1 53 21 35 35
0754_0006_0029_0056_0056.jpg 1 6 29 56 56
0755_0026_0031_0054_0054.jpg 1 26 31 54 54
0756_0021_0023_0069_0069.jpg 1 21 23 69 69
0757_0023_0012_0042_0042.jpg 1 23 12 42 42
0758_0017_0028_0037_0037.jpg 1 17 28 37 37
0759_0029_0010_0067_0067.jpg 1 29 10 67 67
0760_0047_0053_0033_0033.jpg 1 47 53 33 33
0761_0037_0008_0035_0035.jpg 1 37 8 35 35
0762_0012_0043_0033_0033.jpg 1 12 43 33 33
0763_0008_0012_0068_0068.jpg 1 8 12 68 68
0764_0036_0020_0048_0048.jpg 1 36 20 48 48
0765_0024_0042_0048_0048.jpg 1 24 42 48 48
0766_0004_0027_0061_0061.jpg 1 4 27 61 61
0767_0043_0028_0046_0046.jpg 1 43 28 46 46
0768_0044_0045_0040_0040.jpg 1 44 45 40 40
0769_0005_0025_0069_0069.jpg 1 5 25 69 69
0770_0052_0039_0036_0036.jpg 1 52 39 36 36
0771_0063_0063_0027_0027.jpg 1 63 63 27 27
0772_0006_0029_0064_0064.jpg 1 6 29 64 64
0773_0019_0054_0030_0030.jpg 1 19 54 30 30
0774_0061_0068_0024_0024.jpg 1 61 68 24 24
0775_0009_0021_0026_0026.jpg 1 9 21 26 26
0776_0018_0026_0060_0060.jpg 1 18 26 60 60
0777_0009_0013_0068_0068.jpg 1 9 13 68 68
0778_0014_0031_0045_0045.jpg 1 14 31 45 45
0779_0027_0020_0066_0066.jpg 1 27 20 66 66
0780_0027_0006_0048_0048.jpg 1 27 6 48 48
0781_0024_0025_0024_0024.jpg 1 24 25 24 24
0782_0019_0016_0028_0028.jpg 1 19 16 28 28
0783_0030_0056_0029_0029.jpg 1 30 56 29 29
0784_0012_0022_0038_0038.jpg 1 12 22 38 38
0785_0027_0044_0038_0038.jpg 1 27 44 38 38
0786_0008_0008_0063_0063.jpg 1 8 8 63 63
0787_0010_0018_0032_0032.jpg 1 10 18 32 32
0788_0028_0048_0042_0042.jpg 1 28 48 42 42
0789_0056_0038_0033_0033.jpg 1 56 38 33 33
0790_0032_0027_0050_0050.jpg 1 32 27 50 50
0791_0020_0009_0034_0034.jpg 1 20 9 34 34
0792_0032_0016_0033_0033.jpg 1 32 16 33 33
0793_0006_0044_0046_0046.jpg 1 6 44 46 46
0794_0045_0026_0045_0045.jpg 1 45 26 45 45
0795_0013_0025_0069_0069.jpg 1 13 25 69 69
0796_0019_0021_0053_0053.jpg 1 19 21 53 53
0797_0023_0018_0064_0064.jpg 1 23 18 64 64
0798_0047_0037_0042_0042.jpg 1 47 37 42 42
0799_0008_0035_0052_0052.jpg 1 8 35 52 52
0800_0012_0049_0038_0038.jpg 1 12 49 38 38
0801_0017_0036_0027_0027.jpg 1 17 36 27 27
0802_0025_0027_0056_0056.jpg 1 25 27 56 56
0803_0022_0026_0026_0026.jpg 1 22 26 26 26
0804_0011_0015_0062_0062.jpg 1 11 15 62 62
0805_0006_0043_0038_0038.jpg 1 6 43 38 38
0806_0046_0034_0034_0034.jpg 1 46 34 34 34
0807_0015_0024_0026_0026.jpg 1 15 24 26 26
0808_0034_0011_0030_0030.jpg 1 34 11 30 30
0809_0042_0042_0034_0034.jpg 1 42 42 34 34
0810_0008_0029_0053_0053.jpg 1 8 29 53 53
0811_0009_0036_0046_0046.jpg 1 9 36 46 46
0812_0028_0018_0068_0068.jpg 1 28 18 68 68
0813_0012_0019_0044_0044.jpg 1 12 19 44 44
0814_0044_0025_0025_0025.jpg 1 44 25 25 25
0815_0028_0023_0047_0047.jpg 1 28 23 47 47
0816_0025_0036_0056_0056.jpg 1 25 36 56 56
0817_0016_0041_0053_0053.jpg 1 16 41 53 53
0818_0018_0048_0037_0037.jpg 1 18 48 37 37
0819_0016_0004_0065_0065.jpg 1 16 4 65 65
0820_0031_0028_0062_0062.jpg 1 31 28 62 62
0821_0040_0025_0040_0040.jpg 1 40 25 40 40
0822_0023_0037_0026_0026.jpg 1 23 37 26 26
0823_0022_0029_0064_0064.jpg 1 22 29 64 64
0824_0025_0009_0068_0068.jpg 1 25 9 68 68
0825_0025_0016_0058_0058.jpg 1 25 16 58 58
0826_0019_0024_0027_0027.jpg 1 19 24 27 27
0827_0056_0034_0034_0034.jpg 1 56 34 34 34
0828_0014_0026_0067_0067.jpg 1 14 26 67 67
0829_0006_0018_0039_0039.jpg 1 6 18 39 39
0830_0055_0013_0032_0032.jpg 1 55 13 32 32
0831_0051_0060_0033_0033.jpg 1 51 60 33 33
0832_0019_0018_0062_0062.jpg 1 19 18 62 62
0833_0030_0031_0050_0050.jpg 1 30 31 50 50
0834_0010_0011_0067_0067.jpg 1 10 11 67 67
0835_0041_0022_0050_0050.jpg 1 41 22 50 50
0836_0039_0056_0034_0034.jpg 1 39 56 34 34
0837_0005_0006_0065_0065.jpg 1 5 6 65 65
0838_0014_0037_0045_0045.jpg 1 14 37 45 45
0839_0010_0023_0067_0067.jpg 1 10 23 67 67
0840_0020_0013_0049_0049.jpg 1 20 13 49 49
0841_0035_0006_0059_0059.jpg 1 35 6 59 59
0842_0026_0013_0058_0058.jpg 1 26 13 58 58
0843_0024_0043_0050_0050.jpg 1 24 43 50 50
0844_0020_0016_0027_0027.jpg 1 20 16 27 27
0845_0007_0016_0040_0040.jpg 1 7 16 40 40
0846_0011_0030_0054_0054.jpg 1 11 30 54 54
0847_0063_0043_0029_0029.jpg 1 63 43 29 29
0848_0025_0008_0066_0066.jpg 1 25 8 66 66
0849_0036_0026_0031_0031.jpg 1 36 26 31 31
0850_0042_0028_0045_0045.jpg 1 42 28 45 45
0851_0014_0019_0068_0068.jpg 1 14 19 68 68
0852_0038_0006_0046_0046.jpg 1 38 6 46 46
0853_0037_0045_0048_0048.jpg 1 37 45 48 48
0854_0057_0034_0035_0035.jpg 1 57 34 35 35
0855_0030_0056_0036_0036.jpg 1 30 56 36 36
0856_0005_0007_0046_0046.jpg 1 5 7 46 46
0857_0058_0026_0028_0028.jpg 1 58 26 28 28
0858_0007_0049_0030_0030.jpg 1 7 49 30 30
0859_0037_0025_0050_0050.jpg 1 37 25 50 50
0860_0027_0003_0066_0066.jpg 1 27 3 66 66
0861_0027_0036_0057_0057.jpg 1 27 36 57 57
0862_0022_0021_0027_0027.jpg 1 22 21 27 27
0863_0043_0039_0047_0047.jpg 1 43 39 47 47
0864_0031_0029_0061_0061.jpg 1 31 29 61 61
0865_0036_0015_0057_0057.jpg 1 36 15 57 57
0866_0033_0037_0034_0034.jpg 1 33 37 34 34
0867_0008_0036_0057_0057.jpg 1 8 36 57 57
0868_0041_0012_0042_0042.jpg 1 41 12 42 42
0869_0046_0055_0034_0034.jpg 1 46 55 34 34
0870_0026_0006_0040_0040.jpg 1 26 6 40 40
0871_0024_0021_0054_0054.jpg 1 24 21 54 54
0872_0018_0015_0069_0069.jpg 1 18 15 69 69
0873_0026_0025_0051_0051.jpg 1 26 25 51 51
0874_0021_0007_0055_0055.jpg 1 21 7 55 55
0875_0037_0014_0057_0057.jpg 1 37 14 57 57
0876_0013_0019_0054_0054.jpg 1 13 19 54 54
0877_0034_0030_0038_0038.jpg 1 34 30 38 38
0878_0019_0023_0034_0034.jpg 1 19 23 34 34
0879_0031_0022_0057_0057.jpg 1 31 22 57 57
0880_0011_0005_0069_0069.jpg 1 11 5 69 69
0881_0022_0038_0048_0048.jpg 1 22 38 48 48
0882_0034_0035_0031_0031.jpg 1 34 35 31 31
0883_0041_0039_0043_0043.jpg 1 41 39 43 43
0884_0029_0032_0055_0055.jpg 1 29 32 55 55
0885_0030_0010_0058_0058.jpg 1 30 10 58 58
0886_0019_0026_0067_0067.jpg 1 19 26 67 67
0887_0033_0033_0057_0057.jpg 1 33 33 57 57
0888_0016_0025_0055_0055.jpg 1 16 25 55 55
0889_0036_0041_0037_0037.jpg 1 36 41 37 37
0890_0014_0020_0037_0037.jpg 1 14 20 37 37
0891_0050_0046_0040_0040.jpg 1 50 46 40 40
0892_0030_0046_0024_0024.jpg 1 30 46 24 24
0893_0031_0011_0063_0063.jpg 1 31 11 63 63
0894_0051_0060_0031_0031.jpg 1 51 60 31 31
0895_0035_0027_0032_0032.jpg 1 35 27 32 32
0896_0027_0042_0030_0030.jpg 1 27 42 30 30
0897_0007_0016_0057_0057.jpg 1 7 16 57 57
0898_0024_0040_0042_0042.jpg 1 24 40 42 42
0899_0005_0006_0049_0049.jpg 1 5 6 49 49
0900_0009_0020_0059_0059.jpg 1 9 20 59 59
0901_0043_0019_0048_0048.jpg 1 43 19 48 48
0902_0042_0022_0041_0041.jpg 1 42 22 41 41
0903_0010_0027_0058_0058.jpg 1 10 27 58 58
0904_0036_0032_0059_0059.jpg 1 36 32 59 59
0905_0014_0039_0048_0048.jpg 1 14 39 48 48
0906_0014_0012_0048_0048.jpg 1 14 12 48 48
0907_0029_0019_0058_0058.jpg 1 29 19 58 58
0908_0017_0006_0051_0051.jpg 1 17 6 51 51
0909_0017_0026_0061_0061.jpg 1 17 26 61 61
0910_0038_0015_0047_0047.jpg 1 38 15 47 47
0911_0013_0023_0024_0024.jpg 1 13 23 24 24
0912_0055_0011_0031_0031.jpg 1 55 11 31 31
0913_0035_0039_0048_0048.jpg 1 35 39 48 48
0914_0007_0025_0061_0061.jpg 1 7 25 61 61
0915_0048_0052_0042_0042.jpg 1 48 52 42 42
0916_0016_0008_0042_0042.jpg 1 16 8 42 42
0917_0050_0016_0039_0039.jpg 1 50 16 39 39
0918_0027_0016_0066_0066.jpg 1 27 16 66 66
0919_0029_0012_0050_0050.jpg 1 29 12 50 50
0920_0037_0013_0048_0048.jpg 1 37 13 48 48
0921_0023_0024_0068_0068.jpg 1 23 24 68 68
0922_0021_0023_0041_0041.jpg 1 21 23 41 41
0923_0006_0024_0064_0064.jpg 1 6 24 64 64
0924_0010_0006_0048_0048.jpg 1 10 6 48 48
0925_0028_0007_0060_0060.jpg 1 28 7 60 60
0926_0028_0018_0067_0067.jpg 1 28 18 67 67
0927_0034_0037_0046_0046.jpg 1 34 37 46 46
0928_0005_0025_0060_0060.jpg 1 5 25 60 60
0929_0036_0026_0028_0028.jpg 1 36 26 28 28
0930_0032_0007_0063_0063.jpg 1 32 7 63 63
0931_0011_0045_0047_0047.jpg 1 11 45 47 47
0932_0033_0020_0052_0052.jpg 1 33 20 52 52
0933_0041_0005_0051_0051.jpg 1 41 5 51 51
0934_0018_0037_0034_0034.jpg 1 18 37 34 34
0935_0010_0005_0068_0068.jpg 1 10 5 68 68
0936_0038_0025_0047_0047.jpg 1 38 25 47 47
0937_0027_0017_0064_0064.jpg 1 27 17 64 64
0938_0031_0035_0056_0056.jpg 1 31 35 56 56
0939_0023_0030_0058_0058.jpg 1 23 30 58 58
0940_0030_0051_0025_0025.jpg 1 30 51 25 25
0941_0029_0016_0062_0062.jpg 1 29 16 62 62
0942_0036_0051_0037_0037.jpg 1 36 51 37 37
0943_0036_0030_0056_0056.jpg 1 36 30 56 56
0944_0007_0017_0033_0033.jpg 1 7 17 33 33
0945_0023_0056_0030_0030.jpg 1 23 56 30 30
0946_0009_0010_0045_0045.jpg 1 9 10 45 45
0947_0022_0026_0065_0065.jpg 1 22 26 65 65
0948_0060_0044_0032_0032.jpg 1 60 44 32 32
0949_0015_0032_0064_0064.jpg 1 15 32 64 64
0950_0013_0042_0051_0051.jpg 1 13 42 51 51
0951_0009_0022_0043_0043.jpg 1 9 22 43 43
0952_0025_0017_0069_0069.jpg 1 25 17 69 69
0953_0054_0051_0032_0032.jpg 1 54 51 32 32
0954_0058_0043_0030_0030.jpg 1 58 43 30 30
0955_0013_0023_0065_0065.jpg 1 13 23 65 65
0956_0006_0033_0061_0061.jpg 1 6 33 61 61
0957_0042_0017_0048_0048.jpg 1 42 17 48 48
0958_0022_0033_0044_0044.jpg 1 22 33 44 44
0959_0030_0009_0034_0034.jpg 1 30 9 34 34
0960_0060_0047_0030_0030.jpg 1 60 47 30 30
0961_0013_0013_0058_0058.jpg 1 13 13 58 58
0962_0040_0019_0053_0053.jpg 1 40 19 53 53
0963_0025_0013_0031_0031.jpg 1 25 13 31 31
0964_0021_0031_0036_0036.jpg 1 21 31 36 36
0965_0031_0003_0064_0064.jpg 1 31 3 64 64
0966_0030_0044_0050_0050.jpg 1 30 44 50 50
0967_0006_0017_0067_0067.jpg 1 6 17 67 67
0968_0039_0038_0052_0052.jpg 1 39 38 52 52
0969_0066_0011_0024_0024.jpg 1 66 11 24 24
0970_0043_0028_0028_0028.jpg 1 43 28 28 28
0971_0011_0048_0044_0044.jpg 1 11 48 44 44
0972_0013_0024_0067_0067.jpg 1 13 24 67 67
0973_0027_0046_0040_0040.jpg 1 27 46 40 40
0974_0021_0039_0041_0041.jpg 1 21 39 41 41
0975_0007_0010_0067_0067.jpg 1 7 10 67 67
0976_0040_0013_0039_0039.jpg 1 40 13 39 39
0977_0028_0030_0034_0034.jpg 1 28 30 34 34
0978_0045_0012_0035_0035.jpg 1 45 12 35 35
0979_0011_0026_0063_0063.jpg 1 11 26 63 63
0980_0027_0037_0034_0034.jpg 1 27 37 34 34
0981_0025_0017_0063_0063.jpg 1 25 17 63 63
0982_0037_0028_0040_0040.jpg 1 37 28 40 40
0983_0055_0054_0038_0038.jpg 1 55 54 38 38
0984_0020_0016_0025_0025.jpg 1 20 16 25 25
0985_0035_0032_0059_0059.jpg 1 35 32 59 59
0986_0047_0025_0043_0043.jpg 1 47 25 43 43
0987_0024_0008_0068_0068.jpg 1 24 8 68 68
0988_0030_0048_0032_0032.jpg 1 30 48 32 32
0989_0022_0025_0055_0055.jpg 1 22 25 55 55
0990_0004_0009_0053_0053.jpg 1 4 9 53 53
0991_0010_0009_0042_0042.jpg 1 10 9 42 42
0992_0054_0031_0028_0028.jpg 1 54 31 28 28
0993_0062_0026_0025_0025.jpg 1 62 26 25 25
0994_0046_0052_0031_0031.jpg 1 46 52 31 31
0995_0004_0023_0063_0063.jpg 1 4 23 63 63
0996_0006_0018_0063_0063.jpg 1 6 18 63 63
0997_0004_0009_0065_0065.jpg 1 4 9 65 65
0998_0018_0045_0046_0046.jpg 1 18 45 46 46
0999_0025_0007_0069_0069.jpg 1 25 7 69 69
1000_0036_0006_0054_0054.jpg 1 36 6 54 54
1001_0012_0020_0052_0052.jpg 1 12 20 52 52
1002_0022_0032_0025_0025.jpg 1 22 32 25 25
1003_0017_0008_0063_0063.jpg 1 17 8 63 63
1004_0030_0027_0066_0066.jpg 1 30 27 66 66
1005_0018_0026_0039_0039.jpg 1 18 26 39 39
1006_0019_0052_0037_0037.jpg 1 19 52 37 37
1007_0033_0031_0061_0061.jpg 1 33 31 61 61
1008_0022_0034_0061_0061.jpg 1 22 34 61 61
1009_0025_0026_0068_0068.jpg 1 25 26 68 68
1010_0017_0053_0041_0041.jpg 1 17 53 41 41
1011_0040_0036_0046_0046.jpg 1 40 36 46 46
1012_0007_0031_0063_0063.jpg 1 7 31 63 63
1013_0037_0014_0055_0055.jpg 1 37 14 55 55
1014_0049_0007_0030_0030.jpg 1 49 7 30 30
1015_0015_0017_0026_0026.jpg 1 15 17 26 26
1016_0037_0030_0050_0050.jpg 1 37 30 50 50
1017_0046_0035_0032_0032.jpg 1 46 35 32 32
1018_0007_0039_0034_0034.jpg 1 7 39 34 34
1019_0004_0021_0054_0054.jpg 1 4 21 54 54
1020_0004_0028_0066_0066.jpg 1 4 28 66 66
1021_0013_0032_0063_0063.jpg 1 13 32 63 63
1022_0023_0022_0064_0064.jpg 1 23 22 64 64
1023_0019_0028_0056_0056.jpg 1 19 28 56 56
1024_0035_0031_0047_0047.jpg 1 35 31 47 47
1025_0052_0062_0028_0028.jpg 1 52 62 28 28
1026_0048_0037_0041_0041.jpg 1 48 37 41 41
1027_0025_0010_0051_0051.jpg 1 25 10 51 51
1028_0010_0023_0058_0058.jpg 1 10 23 58 58
1029_0029_0022_0064_0064.jpg 1 29 22 64 64
1030_0026_0015_0054_0054.jpg 1 26 15 54 54
1031_0008_0018_0028_0028.jpg 1 8 18 28 28
1032_0036_0046_0046_0046.jpg 1 36 46 46 46
1033_0029_0017_0044_0044.jpg 1 29 17 44 44
1034_0028_0021_0038_0038.jpg 1 28 21 38 38
1035_0016_0017_0065_0065.jpg 1 16 17 65 65
1036_0020_0046_0046_0046.jpg 1 20 46 46 46
1037_0051_0020_0030_0030.jpg 1 51 20 30 30
1038_0032_0010_0055_0055.jpg 1 32 10 55 55
1039_0022_0028_0048_0048.jpg 1 22 28 48 48
1040_0037_0012_0046_0046.jpg 1 37 12 46 46
1041_0011_0030_0065_0065.jpg 1 11 30 65 65
1042_0054_0032_0033_0033.jpg 1 54 32 33 33
1043_0025_0026_0032_0032.jpg 1 25 26 32 32
1044_0020_0047_0036_0036.jpg 1 20 47 36 36
1045_0012_0026_0069_0069.jpg 1 12 26 69 69
1046_0053_0014_0027_0027.jpg 1 53 14 27 27
1047_0033_0027_0031_0031.jpg 1 33 27 31 31
1048_0012_0011_0050_0050.jpg 1 12 11 50 50
1049_0045_0030_0045_0045.jpg 1 45 30 45 45
1050_0016_0058_0032_0032.jpg 1 16 58 32 32
1051_0008_0028_0042_0042.jpg 1 8 28 42 42
1052_0020_0008_0057_0057.jpg 1 20 8 57 57
1053_0039_0015_0043_0043.jpg 1 39 15 43 43
1054_0022_0056_0036_0036.jpg 1 22 56 36 36
1055_0012_0018_0067_0067.jpg 1 12 18 67 67
1056_0017_0023_0061_0061.jpg 1 17 23 61 61
1057_0028_0019_0049_0049.jpg 1 28 19 49 49
1058_0049_0026_0028_0028.jpg 1 49 26 28 28
1059_0007_0032_0062_0062.jpg 1 7 32 62 62
1060_0044_0047_0042_0042.jpg 1 44 47 42 42
1061_0023_0010_0064_0064.jpg 1 23 10 64 64
1062_0012_0011_0055_0055.jpg 1 12 11 55 55
1063_0009_0017_0055_0055.jpg 1 9 17 55 55
1064_0054_0012_0025_0025.jpg 1 54 12 25 25
1065_0050_0055_0026_0026.jpg 1 50 55 26 26
1066_0046_0023_0036_0036.jpg 1 46 23 36 36
1067_0030_0047_0024_0024.jpg 1 30 47 24 24
1068_0006_0020_0042_0042.jpg 1 6 20 42 42
1069_0040_0014_0049_0049.jpg 1 40 14 49 49
1070_0012_0033_0035_0035.jpg 1 12 33 35 35
1071_0007_0010_0067_0067.jpg 1 7 10 67 67
1072_0006_0009_0068_0068.jpg 1 6 9 68 68
1073_0020_0036_0049_0049.jpg 1 20 36 49 49
1074_0023_0022_0047_0047.jpg 1 23 22 47 47
1075_0029_0003_0063_0063.jpg 1 29 3 63 63
1076_0034_0033_0060_0060.jpg 1 34 33 60 60
1077_0036_0035_0034_0034.jpg 1 36 35 34 34
1078_0008_0041_0046_0046.jpg 1 8 41 46 46
1079_0017_0006_0058_0058.jpg 1 17 6 58 58
1080_0012_0052_0039_0039.jpg 1 12 52 39 39
1081_0049_0021_0042_0042.jpg 1 49 21 42 42
1082_0014_0043_0033_0033.jpg 1 14 43 33 33
1083_0015_0034_0042_0042.jpg 1 15 34 42 42
1084_0005_0030_0064_0064.jpg 1 5 30 64 64
1085_0023_0020_0055_0055.jpg 1 23 20 55 55
1086_0032_0036_0028_0028.jpg 1 32 36 28 28
1087_0027_0042_0047_0047.jpg 1 27 42 47 47
1088_0016_0017_0069_0069.jpg 1 16 17 69 69
1089_0023_0016_0067_0067.jpg 1 23 16 67 67
1090_0020_0026_0060_0060.jpg 1 20 26 60 60
1091_0009_0029_0067_0067.jpg 1 9 29 67 67
1092_0044_0027_0046_0046.jpg 1 44 27 46 46
1093_0025_0019_0063_0063.jpg 1 25 19 63 63
1094_0008_0005_0044_0044.jpg 1 8 5 44 44
1095_0033_0039_0054_0054.jpg 1 33 39 54 54
1096_0033_0050_0041_0041.jpg 1 33 50 41 41
1097_0034_0027_0059_0059.jpg 1 34 27 59 59
1098_0011_0051_0034_0034.jpg 1 11 51 34 34
1099_0008_0022_0041_0041.jpg 1 8 22 41 41
1100_0041_0049_0045_0045.jpg 1 41 49 45 45
1101_0040_0027_0041_0041.jpg 1 40 27 41 41
1102_0036_0007_0054_0054.jpg 1 36 7 54 54
1103_0032_0004_0060_0060.jpg 1 32 4 60 60
1104_0039_0032_0049_0049.jpg 1 39 32 49 49
1105_0008_0006_0052_0052.jpg 1 8 6 52 52
1106_0033_0024_0052_0052.jpg 1 33 24 52 52
1107_0018_0016_0069_0069.jpg 1 18 16 69 69
1108_0029_0006_0051_0051.jpg 1 29 6 51 51
1109_0004_0023_0061_0061.jpg 1 4 23 61 61
1110_0022_0011_0026_0026.jpg 1 22 11 26 26
1111_0007_0020_0066_0066.jpg 1 7 20 66 66
1112_0028_0031_0054_0054.jpg 1 28 31 54 54
1113_0013_0045_0044_0044.jpg 1 13 45 44 44
1114_0019_0017_0067_0067.jpg 1 19 17 67 67
1115_0016_0026_0042_0042.jpg 1 16 26 42 42
1116_0031_0022_0049_0049.jpg 1 31 22 49 49
1117_0017_0021_0069_0069.jpg 1 17 21 69 69
1118_0045_0016_0045_0045.jpg 1 45 16 45 45
1119_0013_0028_0045_0045.jpg 1 13 28 45 45
1120_0018_0034_0058_0058.jpg 1 18 34 58 58
1121_0059_0046_0031_0031.jpg 1 59 46 31 31
1122_0005_0039_0052_0052.jpg 1 5 39 52 52
1123_0007_0043_0030_0030.jpg 1 7 43 30 30
1124_0011_0028_0060_0060.jpg 1 11 28 60 60
1125_0034_0008_0060_0060.jpg 1 34 8 60 60
1126_0033_0012_0060_0060.jpg 1 33 12 60 60
1127_0024_0034_0060_0060.jpg 1 24 34 60 60
1128_0029_0029_0066_0066.jpg 1 29 29 66 66
1129_0025_0020_0055_0055.jpg 1 25 20 55 55
1130_0012_0041_0044_0044.jpg 1 12 41 44 44
1131_0064_0020_0024_0024.jpg 1 64 20 24 24
1132_0004_0007_0067_0067.jpg 1 4 7 67 67
1133_0008_0008_0059_0059.jpg 1 8 8 59 59
1134_0022_0005_0067_0067.jpg 1 22 5 67 67
1135_0061_0037_0027_0027.jpg 1 61 37 27 27
1136_0025_0039_0041_0041.jpg 1 25 39 41 41
1137_0019_0006_0068_0068.jpg 1 19 6 68 68
1138_0008_0029_0066_0066.jpg 1 8 29 66 66
1139_0047_0020_0038_0038.jpg 1 47 20 38 38
1140_0015_0036_0055_0055.jpg 1 15 36 55 55
1141_0031_0015_0063_0063.jpg 1 31 15 63 63
1142_0047_0027_0037_0037.jpg 1 47 27 37 37
1143_0037_0011_0031_0031.jpg 1 37 11 31 31
1144_0016_0015_0062_0062.jpg 1 16 15 62 62
1145_0012_0028_0063_0063.jpg 1 12 28 63 63
1146_0037_0029_0048_0048.jpg 1 37 29 48 48
1147_0016_0037_0056_0056.jpg 1 16 37 56 56
1148_0012_0014_0067_0067.jpg 1 12 14 67 67
1149_0018_0054_0038_0038.jpg 1 18 54 38 38
1150_0027_0014_0057_0057.jpg 1 27 14 57 57
1151_0037_0033_0044_0044.jpg 1 37 33 44 44
1152_0032_0016_0063_0063.jpg 1 32 16 63 63
1153_0007_0010_0047_0047.jpg 1 7 10 47 47
1154_0028_0004_0067_0067.jpg 1 28 4 67 67
1155_0033_0026_0045_0045.jpg 1 33 26 45 45
1156_0022_0036_0038_0038.jpg 1 22 36 38 38
1157_0050_0010_0032_0032.jpg 1 50 10 32 32
1158_0038_0020_0051_0051.jpg 1 38 20 51 51
1159_0039_0049_0025_0025.jpg 1 39 49 25 25
1160_0020_0038_0037_0037.jpg 1 20 38 37 37
1161_0041_0036_0043_0043.jpg 1 41 36 43 43
1162_0009_0010_0044_0044.jpg 1 9 10 44 44
1163_0021_0003_0069_0069.jpg 1 21 3 69 69
1164_0005_0008_0051_0051.jpg 1 5 8 51 51
1165_0029_0007_0067_0067.jpg 1 29 7 67 67
1166_0039_0036_0027_0027.jpg 1 39 36 27 27
1167_0038_0010_0028_0028.jpg 1 38 10 28 28
1168_0026_0009_0048_0048.jpg 1 26 9 48 48
1169_0038_0059_0034_0034.jpg 1 38 59 34 34
1170_0026_0041_0052_0052.jpg 1 26 41 52 52
1171_0036_0005_0046_0046.jpg 1 36 5 46 46
1172_0045_0044_0037_0037.jpg 1 45 44 37 37
1173_0012_0036_0024_0024.jpg 1 12 36 24 24
1174_0035_0032_0032_0032.jpg 1 35 32 32 32
1175_0017_0027_0057_0057.jpg 1 17 27 57 57
1176_0027_0011_0048_0048.jpg 1 27 11 48 48
1177_0060_0058_0031_0031.jpg 1 60 58 31 31
1178_0019_0034_0054_0054.jpg 1 19 34 54 54
1179_0028_0044_0044_0044.jpg 1 28 44 44 44
1180_0018_0011_0057_0057.jpg 1 18 11 57 57
1181_0026_0005_0050_0050.jpg 1 26 5 50 50
1182_0014_0035_0059_0059.jpg 1 14 35 59 59
1183_0026_0011_0069_0069.jpg 1 26 11 69 69
1184_0015_0009_0069_0069.jpg 1 15 9 69 69
1185_0021_0006_0064_0064.jpg 1 21 6 64 64
1186_0020_0016_0025_0025.jpg 1 20 16 25 25
1187_0052_0053_0039_0039.jpg 1 52 53 39 39
1188_0042_0030_0050_0050.jpg 1 42 30 50 50
1189_0004_0026_0062_0062.jpg 1 4 26 62 62
1190_0024_0018_0068_0068.jpg 1 24 18 68 68
1191_0039_0042_0049_0049.jpg 1 39 42 49 49
1192_0007_0010_0063_0063.jpg 1 7 10 63 63
1193_0065_0056_0027_0027.jpg 1 65 56 27 27
1194_0020_0025_0060_0060.jpg 1 20 25 60 60
1195_0048_0025_0039_0039.jpg 1 48 25 39 39
1196_0016_0018_0062_0062.jpg 1 16 18 62 62
1197_0013_0021_0060_0060.jpg 1 13 21 60 60
1198_0022_0005_0069_0069.jpg 1 22 5 69 69
1199_0024_0027_0064_0064.jpg 1 24 27 64 64
1200_0033_0015_0053_0053.jpg 1 33 15 53 53
1201_0051_0037_0028_0028.jpg 1 51 37 28 28
1202_0025_0009_0045_0045.jpg 1 25 9 45 45
1203_0012_0038_0026_0026.jpg 1 12 38 26 26
1204_0026_0018_0062_0062.jpg 1 26 18 62 62
